{"level":"info","message":"Server running on port 3000","service":"delauto-api"}
{"level":"info","message":"Server running on port 3000","service":"delauto-api"}
{"level":"info","message":"Server running on port 3000","service":"delauto-api"}
{"level":"info","message":"Server running on port 3000","service":"delauto-api"}
{"level":"info","message":"Health check available at: http://localhost:3000/health","service":"delauto-api"}
{"level":"info","message":"Metrics available at: http://localhost:3000/metrics","service":"delauto-api"}
{"level":"info","message":"Server running on port 3000","service":"delauto-api"}
{"level":"info","message":"Health check available at: http://localhost:3000/health","service":"delauto-api"}
{"level":"info","message":"Metrics available at: http://localhost:3000/metrics","service":"delauto-api"}
{"ip":"::1","level":"info","message":"Request: GET /health","query":{},"service":"delauto-api","userAgent":"Mozilla/5.0 (Windows NT; Windows NT 10.0; en-IN) WindowsPowerShell/5.1.26100.5710"}
{"contentLength":1231,"level":"info","message":"Response: GET /health","responseTime":"11ms","service":"delauto-api","statusCode":500}
{"level":"info","message":"Server running on port 3000","service":"delauto-api"}
{"level":"info","message":"Health check available at: http://localhost:3000/health","service":"delauto-api"}
{"level":"info","message":"Metrics available at: http://localhost:3000/metrics","service":"delauto-api"}
{"ip":"::1","level":"info","message":"Request: GET /health","query":{},"service":"delauto-api","userAgent":"Mozilla/5.0 (Windows NT; Windows NT 10.0; en-IN) WindowsPowerShell/5.1.26100.5710"}
{"contentLength":"816","level":"info","message":"Response: GET /health","responseTime":"9ms","service":"delauto-api","statusCode":200}
{"level":"info","message":"Server running on port 3000","service":"delauto-api"}
{"level":"info","message":"Health check available at: http://localhost:3000/health","service":"delauto-api"}
{"level":"info","message":"Metrics available at: http://localhost:3000/metrics","service":"delauto-api"}
{"level":"info","message":"Server running on port 3000","service":"delauto-api"}
{"level":"info","message":"Health check available at: http://localhost:3000/health","service":"delauto-api"}
{"level":"info","message":"Metrics available at: http://localhost:3000/metrics","service":"delauto-api"}
